Traceback (most recent call last):
  File "/opt/hostedtoolcache/Python/3.12.7/x64/lib/python3.12/site-packages/jupyter_cache/executors/utils.py", line 58, in single_nb_execution
    executenb(
  File "/opt/hostedtoolcache/Python/3.12.7/x64/lib/python3.12/site-packages/nbclient/client.py", line 1314, in execute
    return NotebookClient(nb=nb, resources=resources, km=km, **kwargs).execute()
           ^^^^^^^^^^^^^^^^^^^^^^^^^^^^^^^^^^^^^^^^^^^^^^^^^^^^^^^^^^^^^^^^^^^^^
  File "/opt/hostedtoolcache/Python/3.12.7/x64/lib/python3.12/site-packages/jupyter_core/utils/__init__.py", line 165, in wrapped
    return loop.run_until_complete(inner)
           ^^^^^^^^^^^^^^^^^^^^^^^^^^^^^^
  File "/opt/hostedtoolcache/Python/3.12.7/x64/lib/python3.12/asyncio/base_events.py", line 687, in run_until_complete
    return future.result()
           ^^^^^^^^^^^^^^^
  File "/opt/hostedtoolcache/Python/3.12.7/x64/lib/python3.12/site-packages/nbclient/client.py", line 709, in async_execute
    await self.async_execute_cell(
  File "/opt/hostedtoolcache/Python/3.12.7/x64/lib/python3.12/site-packages/nbclient/client.py", line 1062, in async_execute_cell
    await self._check_raise_for_error(cell, cell_index, exec_reply)
  File "/opt/hostedtoolcache/Python/3.12.7/x64/lib/python3.12/site-packages/nbclient/client.py", line 918, in _check_raise_for_error
    raise CellExecutionError.from_cell_and_msg(cell, exec_reply_content)
nbclient.exceptions.CellExecutionError: An error occurred while executing the following cell:
------------------
n.export_to_netcdf("data/electricity-network.nc");
------------------

----- stderr -----
INFO:pypsa.io:Exported network 'electricity-network.nc' contains: global_constraints, storage_units, buses, loads, carriers, generators
------------------

[0;31m---------------------------------------------------------------------------[0m
[0;31mFileNotFoundError[0m                         Traceback (most recent call last)
Cell [0;32mIn[50], line 1[0m
[0;32m----> 1[0m [43mn[49m[38;5;241;43m.[39;49m[43mexport_to_netcdf[49m[43m([49m[38;5;124;43m"[39;49m[38;5;124;43mdata/electricity-network.nc[39;49m[38;5;124;43m"[39;49m[43m)[49m;

File [0;32m/opt/hostedtoolcache/Python/3.12.7/x64/lib/python3.12/site-packages/pypsa/utils.py:85[0m, in [0;36mdeprecated_kwargs.<locals>.deco.<locals>.wrapper[0;34m(*args, **kwargs)[0m
[1;32m     82[0m [38;5;129m@functools[39m[38;5;241m.[39mwraps(f)
[1;32m     83[0m [38;5;28;01mdef[39;00m [38;5;21mwrapper[39m([38;5;241m*[39margs: Any, [38;5;241m*[39m[38;5;241m*[39mkwargs: Any) [38;5;241m-[39m[38;5;241m>[39m Any:
[1;32m     84[0m     rename_kwargs(f[38;5;241m.[39m[38;5;18m__name__[39m, kwargs, aliases)
[0;32m---> 85[0m     [38;5;28;01mreturn[39;00m [43mf[49m[43m([49m[38;5;241;43m*[39;49m[43margs[49m[43m,[49m[43m [49m[38;5;241;43m*[39;49m[38;5;241;43m*[39;49m[43mkwargs[49m[43m)[49m

File [0;32m/opt/hostedtoolcache/Python/3.12.7/x64/lib/python3.12/site-packages/pypsa/io.py:822[0m, in [0;36mexport_to_netcdf[0;34m(n, path, export_standard_types, compression, float32)[0m
[1;32m    782[0m [38;5;250m[39m[38;5;124;03m"""[39;00m
[1;32m    783[0m [38;5;124;03mExport network and components to a netCDF file.[39;00m
[1;32m    784[0m 
[0;32m   (...)[0m
[1;32m    819[0m [38;5;124;03m>>> n.export_to_netcdf("my_file.nc")[39;00m
[1;32m    820[0m [38;5;124;03m"""[39;00m
[1;32m    821[0m basename [38;5;241m=[39m os[38;5;241m.[39mpath[38;5;241m.[39mbasename(path) [38;5;28;01mif[39;00m path [38;5;129;01mis[39;00m [38;5;129;01mnot[39;00m [38;5;28;01mNone[39;00m [38;5;28;01melse[39;00m [38;5;28;01mNone[39;00m
[0;32m--> 822[0m [38;5;28;01mwith[39;00m [43mExporterNetCDF[49m[43m([49m[43mpath[49m[43m,[49m[43m [49m[43mcompression[49m[43m,[49m[43m [49m[43mfloat32[49m[43m)[49m [38;5;28;01mas[39;00m exporter:
[1;32m    823[0m     _export_to_exporter(
[1;32m    824[0m         n,
[1;32m    825[0m         exporter,
[1;32m    826[0m         basename[38;5;241m=[39mbasename,
[1;32m    827[0m         export_standard_types[38;5;241m=[39mexport_standard_types,
[1;32m    828[0m     )
[1;32m    829[0m     [38;5;28;01mreturn[39;00m exporter[38;5;241m.[39mds

File [0;32m/opt/hostedtoolcache/Python/3.12.7/x64/lib/python3.12/site-packages/pypsa/io.py:83[0m, in [0;36mImpExper.__exit__[0;34m(self, exc_type, exc_val, exc_tb)[0m
[1;32m     76[0m [38;5;28;01mdef[39;00m [38;5;21m__exit__[39m(
[1;32m     77[0m     [38;5;28mself[39m,
[1;32m     78[0m     exc_type: [38;5;28mtype[39m,
[1;32m     79[0m     exc_val: [38;5;167;01mBaseException[39;00m,
[1;32m     80[0m     exc_tb: TracebackType,
[1;32m     81[0m ) [38;5;241m-[39m[38;5;241m>[39m [38;5;28;01mNone[39;00m:
[1;32m     82[0m     [38;5;28;01mif[39;00m exc_type [38;5;129;01mis[39;00m [38;5;28;01mNone[39;00m:
[0;32m---> 83[0m         [38;5;28;43mself[39;49m[38;5;241;43m.[39;49m[43mfinish[49m[43m([49m[43m)[49m
[1;32m     85[0m     [38;5;28;01mif[39;00m [38;5;28mself[39m[38;5;241m.[39mds [38;5;129;01mis[39;00m [38;5;129;01mnot[39;00m [38;5;28;01mNone[39;00m:
[1;32m     86[0m         [38;5;28mself[39m[38;5;241m.[39mds[38;5;241m.[39m[38;5;21m__exit__[39m(exc_type, exc_val, exc_tb)

File [0;32m/opt/hostedtoolcache/Python/3.12.7/x64/lib/python3.12/site-packages/pypsa/io.py:480[0m, in [0;36mExporterNetCDF.finish[0;34m(self)[0m
[1;32m    478[0m [38;5;28;01mif[39;00m [38;5;28mself[39m[38;5;241m.[39mpath [38;5;129;01mis[39;00m [38;5;129;01mnot[39;00m [38;5;28;01mNone[39;00m:
[1;32m    479[0m     _path [38;5;241m=[39m Path([38;5;28mself[39m[38;5;241m.[39mpath)
[0;32m--> 480[0m     [38;5;28;01mwith[39;00m [43m_path[49m[38;5;241;43m.[39;49m[43mopen[49m[43m([49m[38;5;124;43m"[39;49m[38;5;124;43mw[39;49m[38;5;124;43m"[39;49m[43m)[49m:
[1;32m    481[0m         [38;5;28mself[39m[38;5;241m.[39mds[38;5;241m.[39mto_netcdf(_path)

File [0;32m/opt/hostedtoolcache/Python/3.12.7/x64/lib/python3.12/pathlib.py:1013[0m, in [0;36mPath.open[0;34m(self, mode, buffering, encoding, errors, newline)[0m
[1;32m   1011[0m [38;5;28;01mif[39;00m [38;5;124m"[39m[38;5;124mb[39m[38;5;124m"[39m [38;5;129;01mnot[39;00m [38;5;129;01min[39;00m mode:
[1;32m   1012[0m     encoding [38;5;241m=[39m io[38;5;241m.[39mtext_encoding(encoding)
[0;32m-> 1013[0m [38;5;28;01mreturn[39;00m [43mio[49m[38;5;241;43m.[39;49m[43mopen[49m[43m([49m[38;5;28;43mself[39;49m[43m,[49m[43m [49m[43mmode[49m[43m,[49m[43m [49m[43mbuffering[49m[43m,[49m[43m [49m[43mencoding[49m[43m,[49m[43m [49m[43merrors[49m[43m,[49m[43m [49m[43mnewline[49m[43m)[49m

[0;31mFileNotFoundError[0m: [Errno 2] No such file or directory: 'data/electricity-network.nc'

